{
  "uid" : "2db7acd90c613396",
  "name" : "test_title_2",
  "fullName" : "Tests.test_main#test_title_2",
  "historyId" : "e48887d69a7db022468dd17e6e125337",
  "time" : {
    "start" : 1614342667024,
    "stop" : 1614342667780,
    "duration" : 756
  },
  "status" : "skipped",
  "statusMessage" : "XFAIL\n\nAssertionError: assert 'Gogle' in 'Google'\n +  where 'Google' = <selenium.webdriver.remote.webdriver.WebDriver (session=\"8057ad52637db0e59803f16b4bbdd5f6\")>.title",
  "statusTrace" : "browser = <selenium.webdriver.remote.webdriver.WebDriver (session=\"8057ad52637db0e59803f16b4bbdd5f6\")>\n\n    @pytest.mark.xfail\n    def test_title_2(browser):\n        browser.get(link)\n>       assert \"Gogle\" in browser.title\nE       assert 'Gogle' in 'Google'\nE        +  where 'Google' = <selenium.webdriver.remote.webdriver.WebDriver (session=\"8057ad52637db0e59803f16b4bbdd5f6\")>.title\n\nTests/test_main.py:12: AssertionError",
  "flaky" : false,
  "newFailed" : false,
  "beforeStages" : [ {
    "name" : "browser",
    "time" : {
      "start" : 1614342665500,
      "stop" : 1614342667024,
      "duration" : 1524
    },
    "status" : "passed",
    "steps" : [ ],
    "attachments" : [ ],
    "parameters" : [ ],
    "stepsCount" : 0,
    "attachmentsCount" : 0,
    "shouldDisplayMessage" : false,
    "hasContent" : false
  } ],
  "afterStages" : [ {
    "name" : "browser::0",
    "time" : {
      "start" : 1614342667811,
      "stop" : 1614342667864,
      "duration" : 53
    },
    "status" : "passed",
    "steps" : [ ],
    "attachments" : [ ],
    "parameters" : [ ],
    "stepsCount" : 0,
    "attachmentsCount" : 0,
    "shouldDisplayMessage" : false,
    "hasContent" : false
  } ],
  "labels" : [ {
    "name" : "tag",
    "value" : "@pytest.mark.xfail"
  }, {
    "name" : "parentSuite",
    "value" : "Tests"
  }, {
    "name" : "suite",
    "value" : "test_main"
  }, {
    "name" : "host",
    "value" : "fv-az139-54"
  }, {
    "name" : "thread",
    "value" : "6239-MainThread"
  }, {
    "name" : "framework",
    "value" : "pytest"
  }, {
    "name" : "language",
    "value" : "cpython3"
  }, {
    "name" : "package",
    "value" : "Tests.test_main"
  }, {
    "name" : "resultFormat",
    "value" : "allure2"
  } ],
  "parameters" : [ ],
  "links" : [ ],
  "hidden" : false,
  "retry" : false,
  "extra" : {
    "severity" : "normal",
    "retries" : [ {
      "uid" : "644ef6340108876",
      "status" : "skipped",
      "statusDetails" : "XFAIL\n\nAssertionError: assert 'Gogle' in 'Google'\n +  where 'Google' = <selenium.webdriver.remote.webdriver.WebDriver (session=\"b1b3f3fd842e600758bd399a30ec5069\")>.title",
      "time" : {
        "start" : 1614342662068,
        "stop" : 1614342662713,
        "duration" : 645
      }
    }, {
      "uid" : "f30f5fd42e1a3bd8",
      "status" : "skipped",
      "statusDetails" : "XFAIL\n\nAssertionError: assert 'Gogle' in 'Google'\n +  where 'Google' = <selenium.webdriver.remote.webdriver.WebDriver (session=\"f9ee74a2-ad27-4dea-8235-83c7a76b9bd5\")>.title",
      "time" : {
        "start" : 1614342657499,
        "stop" : 1614342658024,
        "duration" : 525
      }
    } ],
    "categories" : [ ],
    "tags" : [ "@pytest.mark.xfail" ]
  },
  "source" : "2db7acd90c613396.json",
  "parameterValues" : [ ]
}